2025-01-21 12:39:41,740 - root - INFO - Loading configuration from: D:\Alawi\VS Code\pro\config\config.yaml
2025-01-21 12:39:41,746 - root - INFO - Configuration loaded successfully.
2025-01-21 12:39:41,755 - root - INFO - Loading configuration from: D:\Alawi\VS Code\pro\config\config.yaml
2025-01-21 12:39:41,757 - root - INFO - Configuration loaded successfully.
2025-01-21 12:41:18,008 - root - INFO - Loading configuration from: D:\Alawi\VS Code\pro\config\config.yaml
2025-01-21 12:41:18,037 - root - INFO - Configuration loaded successfully.
2025-01-21 12:41:18,037 - root - INFO - Loading configuration from: D:\Alawi\VS Code\pro\config\config.yaml
2025-01-21 12:41:18,050 - root - INFO - Configuration loaded successfully.
2025-01-21 12:54:28,315 - root - INFO - Loading configuration from: D:\Alawi\VS Code\pro\config\config.yaml
2025-01-21 12:54:28,315 - root - INFO - Configuration loaded successfully.
2025-01-21 12:54:28,315 - root - INFO - Loading configuration from: D:\Alawi\VS Code\pro\config\config.yaml
2025-01-21 12:54:28,315 - root - INFO - Configuration loaded successfully.
2025-01-21 12:55:26,717 - root - INFO - Loading configuration from: D:\Alawi\VS Code\pro\config\config.yaml
2025-01-21 12:55:26,727 - root - INFO - Configuration loaded successfully.
2025-01-21 12:55:26,727 - root - INFO - Loading configuration from: D:\Alawi\VS Code\pro\config\config.yaml
2025-01-21 12:55:26,727 - root - INFO - Configuration loaded successfully.
2025-01-21 12:56:39,739 - root - INFO - Loading configuration from: D:\Alawi\VS Code\pro\config\config.yaml
2025-01-21 12:56:39,739 - root - INFO - Configuration loaded successfully.
2025-01-21 12:56:39,739 - root - INFO - Loading configuration from: D:\Alawi\VS Code\pro\config\config.yaml
2025-01-21 12:56:39,739 - root - INFO - Configuration loaded successfully.
2025-01-21 12:58:00,655 - root - INFO - Loading configuration from: D:\Alawi\VS Code\pro\config\config.yaml
2025-01-21 12:58:00,655 - root - INFO - Configuration loaded successfully.
2025-01-21 12:58:00,655 - root - INFO - Loading configuration from: D:\Alawi\VS Code\pro\config\config.yaml
2025-01-21 12:58:00,655 - root - INFO - Configuration loaded successfully.
2025-01-21 13:00:05,188 - root - INFO - Loading configuration from: D:\Alawi\VS Code\pro\config\config.yaml
2025-01-21 13:00:05,188 - root - INFO - Configuration loaded successfully.
2025-01-21 13:00:05,188 - root - INFO - Loading configuration from: D:\Alawi\VS Code\pro\config\config.yaml
2025-01-21 13:00:05,188 - root - INFO - Configuration loaded successfully.
2025-01-21 13:02:35,042 - root - INFO - Loading configuration from: D:\Alawi\VS Code\pro\config\config.yaml
2025-01-21 13:02:35,042 - root - INFO - Configuration loaded successfully.
2025-01-21 13:02:35,042 - root - INFO - Loading configuration from: D:\Alawi\VS Code\pro\config\config.yaml
2025-01-21 13:02:35,042 - root - INFO - Configuration loaded successfully.
2025-01-21 13:04:48,955 - root - INFO - Loading configuration from: D:\Alawi\VS Code\pro\config\config.yaml
2025-01-21 13:04:48,970 - root - INFO - Configuration loaded successfully.
2025-01-21 13:04:48,970 - root - INFO - Loading configuration from: D:\Alawi\VS Code\pro\config\config.yaml
2025-01-21 13:04:48,970 - root - INFO - Configuration loaded successfully.
2025-01-21 13:20:58,701 - root - INFO - Loading configuration from: D:\Alawi\VS Code\pro\config\config.yaml
2025-01-21 13:20:58,701 - root - INFO - Configuration loaded successfully.
2025-01-21 13:20:58,701 - root - INFO - Loading configuration from: D:\Alawi\VS Code\pro\config\config.yaml
2025-01-21 13:20:58,701 - root - INFO - Configuration loaded successfully.
2025-01-21 13:21:59,397 - root - INFO - Loading configuration from: D:\Alawi\VS Code\pro\config\config.yaml
2025-01-21 13:21:59,401 - root - INFO - Configuration loaded successfully.
2025-01-21 13:21:59,401 - root - INFO - Loading configuration from: D:\Alawi\VS Code\pro\config\config.yaml
2025-01-21 13:21:59,403 - root - INFO - Configuration loaded successfully.
2025-01-21 13:22:53,204 - root - INFO - Loading configuration from: D:\Alawi\VS Code\pro\config\config.yaml
2025-01-21 13:22:53,204 - root - INFO - Configuration loaded successfully.
2025-01-21 13:22:53,204 - root - INFO - Loading configuration from: D:\Alawi\VS Code\pro\config\config.yaml
2025-01-21 13:22:53,204 - root - INFO - Configuration loaded successfully.
2025-01-21 13:24:14,494 - root - INFO - Loading configuration from: D:\Alawi\VS Code\pro\config\config.yaml
2025-01-21 13:24:14,494 - root - INFO - Configuration loaded successfully.
2025-01-21 13:24:14,494 - root - INFO - Loading configuration from: D:\Alawi\VS Code\pro\config\config.yaml
2025-01-21 13:24:14,500 - root - INFO - Configuration loaded successfully.
2025-01-21 16:44:16,948 - root - INFO - Loading configuration from: D:\Alawi\VS Code\pro\config\config.yaml
2025-01-21 16:44:16,948 - root - INFO - Configuration loaded successfully.
2025-01-21 16:44:16,948 - root - INFO - Loading configuration from: D:\Alawi\VS Code\pro\config\config.yaml
2025-01-21 16:44:16,948 - root - INFO - Configuration loaded successfully.
2025-01-21 16:45:53,270 - root - INFO - Loading configuration from: D:\Alawi\VS Code\pro\config\config.yaml
2025-01-21 16:45:53,276 - root - INFO - Configuration loaded successfully.
2025-01-21 16:45:53,276 - root - INFO - Loading configuration from: D:\Alawi\VS Code\pro\config\config.yaml
2025-01-21 16:45:53,276 - root - INFO - Configuration loaded successfully.
2025-01-21 16:54:39,683 - root - INFO - Loading configuration from: D:\Alawi\VS Code\pro\config\config.yaml
2025-01-21 16:54:39,683 - root - INFO - Configuration loaded successfully.
2025-01-21 16:54:39,683 - root - INFO - Loading configuration from: D:\Alawi\VS Code\pro\config\config.yaml
2025-01-21 16:54:39,694 - root - INFO - Configuration loaded successfully.
2025-01-21 16:59:15,065 - root - INFO - Loading configuration from: D:\Alawi\VS Code\pro\config\config.yaml
2025-01-21 16:59:15,065 - root - INFO - Configuration loaded successfully.
2025-01-21 16:59:15,065 - root - INFO - Loading configuration from: D:\Alawi\VS Code\pro\config\config.yaml
2025-01-21 16:59:15,065 - root - INFO - Configuration loaded successfully.
2025-01-21 17:00:28,472 - root - INFO - Loading configuration from: D:\Alawi\VS Code\pro\config\config.yaml
2025-01-21 17:00:28,472 - root - INFO - Configuration loaded successfully.
2025-01-21 17:00:28,472 - root - INFO - Loading configuration from: D:\Alawi\VS Code\pro\config\config.yaml
2025-01-21 17:00:28,472 - root - INFO - Configuration loaded successfully.
2025-01-21 17:01:23,520 - root - INFO - Loading configuration from: D:\Alawi\VS Code\pro\config\config.yaml
2025-01-21 17:01:23,520 - root - INFO - Configuration loaded successfully.
2025-01-21 17:01:23,520 - root - INFO - Loading configuration from: D:\Alawi\VS Code\pro\config\config.yaml
2025-01-21 17:01:23,520 - root - INFO - Configuration loaded successfully.
2025-01-21 17:03:20,345 - root - INFO - Loading configuration from: D:\Alawi\VS Code\pro\config\config.yaml
2025-01-21 17:03:20,352 - root - INFO - Configuration loaded successfully.
2025-01-21 17:03:20,352 - root - INFO - Loading configuration from: D:\Alawi\VS Code\pro\config\config.yaml
2025-01-21 17:03:20,352 - root - INFO - Configuration loaded successfully.
2025-01-21 17:06:21,208 - root - INFO - Loading configuration from: D:\Alawi\VS Code\pro\config\config.yaml
2025-01-21 17:06:21,209 - root - INFO - Configuration loaded successfully.
2025-01-21 17:06:21,209 - root - INFO - Loading configuration from: D:\Alawi\VS Code\pro\config\config.yaml
2025-01-21 17:06:21,209 - root - INFO - Configuration loaded successfully.
2025-01-21 17:07:49,093 - root - INFO - Loading configuration from: D:\Alawi\VS Code\pro\config\config.yaml
2025-01-21 17:07:49,108 - root - INFO - Configuration loaded successfully.
2025-01-21 17:07:49,108 - root - INFO - Loading configuration from: D:\Alawi\VS Code\pro\config\config.yaml
2025-01-21 17:07:49,108 - root - INFO - Configuration loaded successfully.
2025-01-21 17:08:19,158 - root - INFO - Loading configuration from: D:\Alawi\VS Code\pro\config\config.yaml
2025-01-21 17:08:19,158 - root - INFO - Configuration loaded successfully.
2025-01-21 17:08:19,158 - root - INFO - Loading configuration from: D:\Alawi\VS Code\pro\config\config.yaml
2025-01-21 17:08:19,174 - root - INFO - Configuration loaded successfully.
2025-01-21 17:10:56,803 - root - INFO - Loading configuration from: D:\Alawi\VS Code\pro\config\config.yaml
2025-01-21 17:10:56,803 - root - INFO - Configuration loaded successfully.
2025-01-21 17:10:56,803 - root - INFO - Loading configuration from: D:\Alawi\VS Code\pro\config\config.yaml
2025-01-21 17:10:56,803 - root - INFO - Configuration loaded successfully.
2025-01-21 17:12:37,551 - root - INFO - Loading configuration from: D:\Alawi\VS Code\pro\config\config.yaml
2025-01-21 17:12:37,551 - root - INFO - Configuration loaded successfully.
2025-01-21 17:12:37,551 - root - INFO - Loading configuration from: D:\Alawi\VS Code\pro\config\config.yaml
2025-01-21 17:12:37,551 - root - INFO - Configuration loaded successfully.
2025-01-21 17:13:10,974 - root - INFO - Loading configuration from: D:\Alawi\VS Code\pro\config\config.yaml
2025-01-21 17:13:10,974 - root - INFO - Configuration loaded successfully.
2025-01-21 17:13:10,974 - root - INFO - Loading configuration from: D:\Alawi\VS Code\pro\config\config.yaml
2025-01-21 17:13:10,974 - root - INFO - Configuration loaded successfully.
2025-01-21 17:19:37,251 - root - INFO - Loading configuration from: D:\Alawi\VS Code\pro\config\config.yaml
2025-01-21 17:19:37,251 - root - INFO - Configuration loaded successfully.
2025-01-21 17:19:37,251 - root - INFO - Loading configuration from: D:\Alawi\VS Code\pro\config\config.yaml
2025-01-21 17:19:37,251 - root - INFO - Configuration loaded successfully.
2025-01-21 17:20:36,350 - root - INFO - Loading configuration from: D:\Alawi\VS Code\pro\config\config.yaml
2025-01-21 17:20:36,350 - root - INFO - Configuration loaded successfully.
2025-01-21 17:20:36,350 - root - INFO - Loading configuration from: D:\Alawi\VS Code\pro\config\config.yaml
2025-01-21 17:20:36,350 - root - INFO - Configuration loaded successfully.
2025-01-21 17:23:29,094 - root - INFO - Loading configuration from: D:\Alawi\VS Code\pro\config\config.yaml
2025-01-21 17:23:29,094 - root - INFO - Configuration loaded successfully.
2025-01-21 17:23:29,094 - root - INFO - Loading configuration from: D:\Alawi\VS Code\pro\config\config.yaml
2025-01-21 17:23:29,094 - root - INFO - Configuration loaded successfully.
2025-01-21 17:23:48,284 - sentence_transformers.cross_encoder.CrossEncoder - INFO - Use pytorch device: cpu
2025-01-21 17:24:39,031 - root - INFO - Loading configuration from: D:\Alawi\VS Code\pro\config\config.yaml
2025-01-21 17:24:39,034 - root - INFO - Configuration loaded successfully.
2025-01-21 17:24:39,034 - root - INFO - Loading configuration from: D:\Alawi\VS Code\pro\config\config.yaml
2025-01-21 17:24:39,034 - root - INFO - Configuration loaded successfully.
2025-01-21 17:24:48,029 - sentence_transformers.cross_encoder.CrossEncoder - INFO - Use pytorch device: cpu
2025-01-21 17:41:47,694 - root - INFO - Loading configuration from: D:\Alawi\VS Code\pro\config\config.yaml
2025-01-21 17:41:47,694 - root - INFO - Configuration loaded successfully.
2025-01-21 17:41:47,694 - root - INFO - Loading configuration from: D:\Alawi\VS Code\pro\config\config.yaml
2025-01-21 17:41:47,694 - root - INFO - Configuration loaded successfully.
2025-01-21 17:41:57,318 - sentence_transformers.cross_encoder.CrossEncoder - INFO - Use pytorch device: cpu
2025-01-21 17:47:49,164 - root - INFO - Loading configuration from: D:\Alawi\VS Code\pro\config\config.yaml
2025-01-21 17:47:49,164 - root - INFO - Configuration loaded successfully.
2025-01-21 17:47:49,172 - root - INFO - Loading configuration from: D:\Alawi\VS Code\pro\config\config.yaml
2025-01-21 17:47:49,173 - root - INFO - Configuration loaded successfully.
2025-01-21 17:47:58,666 - sentence_transformers.cross_encoder.CrossEncoder - INFO - Use pytorch device: cpu
2025-01-21 17:51:46,238 - root - INFO - Loading configuration from: D:\Alawi\VS Code\pro\config\config.yaml
2025-01-21 17:51:46,252 - root - INFO - Configuration loaded successfully.
2025-01-21 17:51:46,254 - root - INFO - Loading configuration from: D:\Alawi\VS Code\pro\config\config.yaml
2025-01-21 17:51:46,255 - root - INFO - Configuration loaded successfully.
2025-01-21 17:51:54,851 - augmented - INFO - Query perspectives generated successfully.
2025-01-21 17:51:56,621 - augmented - INFO - Documents retrieved successfully.
2025-01-21 17:51:58,108 - __main__ - ERROR - Error generating response: name 'itemgetter' is not defined
2025-01-21 17:51:58,108 - __main__ - ERROR - An error occurred: name 'itemgetter' is not defined
2025-01-21 17:53:05,981 - root - INFO - Loading configuration from: D:\Alawi\VS Code\pro\config\config.yaml
2025-01-21 17:53:05,983 - root - INFO - Configuration loaded successfully.
2025-01-21 17:53:05,983 - root - INFO - Loading configuration from: D:\Alawi\VS Code\pro\config\config.yaml
2025-01-21 17:53:05,983 - root - INFO - Configuration loaded successfully.
2025-01-21 17:53:14,517 - augmented - INFO - Query perspectives generated successfully.
2025-01-21 17:53:16,160 - augmented - INFO - Documents retrieved successfully.
2025-01-21 17:53:20,963 - __main__ - INFO - Response generated successfully.
2025-01-21 17:53:20,963 - __main__ - INFO - Response saved to response.txt
2025-01-21 17:55:13,296 - root - INFO - Loading configuration from: D:\Alawi\VS Code\pro\config\config.yaml
2025-01-21 17:55:13,296 - root - INFO - Configuration loaded successfully.
2025-01-21 17:55:13,296 - root - INFO - Loading configuration from: D:\Alawi\VS Code\pro\config\config.yaml
2025-01-21 17:55:13,296 - root - INFO - Configuration loaded successfully.
2025-01-21 17:55:22,726 - augmented - INFO - Query perspectives generated successfully.
2025-01-21 17:55:24,441 - augmented - INFO - Documents retrieved successfully.
2025-01-21 17:55:27,838 - __main__ - INFO - Response generated successfully.
2025-01-21 17:55:27,838 - __main__ - INFO - Response saved to response.txt
2025-01-21 17:56:35,281 - root - INFO - Loading configuration from: D:\Alawi\VS Code\pro\config\config.yaml
2025-01-21 17:56:35,281 - root - INFO - Configuration loaded successfully.
2025-01-21 17:56:35,281 - root - INFO - Loading configuration from: D:\Alawi\VS Code\pro\config\config.yaml
2025-01-21 17:56:35,297 - root - INFO - Configuration loaded successfully.
2025-01-21 17:56:44,520 - augmented - INFO - Query perspectives generated successfully.
2025-01-21 17:56:46,226 - augmented - INFO - Documents retrieved successfully.
2025-01-21 17:56:50,990 - __main__ - INFO - Response generated successfully.
2025-01-21 17:56:50,990 - __main__ - INFO - Response saved to response.txt
2025-01-21 18:01:11,771 - root - INFO - Loading configuration from: D:\Alawi\VS Code\pro\config\config.yaml
2025-01-21 18:01:11,771 - root - INFO - Configuration loaded successfully.
2025-01-21 18:01:11,771 - root - INFO - Loading configuration from: D:\Alawi\VS Code\pro\config\config.yaml
2025-01-21 18:01:11,786 - root - INFO - Configuration loaded successfully.
2025-01-21 18:01:21,162 - sentence_transformers.cross_encoder.CrossEncoder - INFO - Use pytorch device: cpu
2025-01-21 18:02:26,970 - root - INFO - Loading configuration from: D:\Alawi\VS Code\pro\config\config.yaml
2025-01-21 18:02:26,970 - root - INFO - Configuration loaded successfully.
2025-01-21 18:02:26,970 - root - INFO - Loading configuration from: D:\Alawi\VS Code\pro\config\config.yaml
2025-01-21 18:02:26,970 - root - INFO - Configuration loaded successfully.
2025-01-21 18:02:35,921 - sentence_transformers.cross_encoder.CrossEncoder - INFO - Use pytorch device: cpu
2025-01-21 18:02:35,985 - root - INFO - Retrieving augmented results...
2025-01-21 18:02:40,684 - augmented - INFO - Query perspectives generated successfully.
2025-01-21 18:02:42,582 - augmented - INFO - Documents retrieved successfully.
2025-01-21 18:02:42,582 - root - INFO - Generating response...
2025-01-21 18:02:48,262 - root - INFO - Response generated successfully.
2025-01-21 18:02:48,262 - root - INFO - Saving response...
2025-01-21 18:02:48,262 - generation - INFO - Response saved to response.txt
2025-01-21 18:02:48,262 - root - INFO - Response saved successfully.
2025-01-21 18:03:10,560 - root - INFO - Loading configuration from: D:\Alawi\VS Code\pro\config\config.yaml
2025-01-21 18:03:10,578 - root - INFO - Configuration loaded successfully.
2025-01-21 18:03:10,578 - root - INFO - Loading configuration from: D:\Alawi\VS Code\pro\config\config.yaml
2025-01-21 18:03:10,578 - root - INFO - Configuration loaded successfully.
2025-01-21 18:03:19,429 - sentence_transformers.cross_encoder.CrossEncoder - INFO - Use pytorch device: cpu
2025-01-21 18:03:19,448 - root - INFO - Retrieving augmented results...
2025-01-21 18:03:23,496 - augmented - INFO - Query perspectives generated successfully.
2025-01-21 18:03:25,177 - augmented - INFO - Documents retrieved successfully.
2025-01-21 18:03:25,177 - root - INFO - Generating response...
2025-01-21 18:03:30,048 - root - INFO - Response generated successfully.
2025-01-21 18:03:30,048 - root - INFO - Saving response...
2025-01-21 18:03:30,052 - generation - INFO - Response saved to response.txt
2025-01-21 18:03:30,052 - root - INFO - Response saved successfully.
2025-01-21 18:06:08,299 - root - INFO - Loading configuration from: D:\Alawi\VS Code\pro\config\config.yaml
2025-01-21 18:06:08,306 - root - INFO - Configuration loaded successfully.
2025-01-21 18:06:08,306 - root - INFO - Loading configuration from: D:\Alawi\VS Code\pro\config\config.yaml
2025-01-21 18:06:08,306 - root - INFO - Configuration loaded successfully.
2025-01-21 18:06:17,581 - sentence_transformers.cross_encoder.CrossEncoder - INFO - Use pytorch device: cpu
2025-01-21 18:07:54,605 - root - INFO - Loading configuration from: D:\Alawi\VS Code\pro\config\config.yaml
2025-01-21 18:07:54,605 - root - INFO - Configuration loaded successfully.
2025-01-21 18:07:54,605 - root - INFO - Loading configuration from: D:\Alawi\VS Code\pro\config\config.yaml
2025-01-21 18:07:54,609 - root - INFO - Configuration loaded successfully.
2025-01-21 18:08:09,832 - sentence_transformers.cross_encoder.CrossEncoder - INFO - Use pytorch device: cpu
2025-01-21 18:10:47,116 - root - INFO - Loading configuration from: D:\Alawi\VS Code\pro\config\config.yaml
2025-01-21 18:10:47,116 - root - INFO - Configuration loaded successfully.
2025-01-21 18:10:47,118 - root - INFO - Loading configuration from: D:\Alawi\VS Code\pro\config\config.yaml
2025-01-21 18:10:47,120 - root - INFO - Configuration loaded successfully.
2025-01-21 18:11:00,762 - sentence_transformers.cross_encoder.CrossEncoder - INFO - Use pytorch device: cpu
2025-01-21 18:12:18,007 - root - INFO - Retrieving augmented results...
2025-01-21 18:12:22,636 - augmented - INFO - Query perspectives generated successfully.
2025-01-21 18:12:24,467 - augmented - INFO - Documents retrieved successfully.
2025-01-21 18:12:24,467 - root - INFO - Generating response...
2025-01-21 18:12:32,981 - root - INFO - Response generated successfully.
2025-01-21 18:12:32,981 - root - INFO - Saving response...
2025-01-21 18:12:32,994 - generation - INFO - Response saved to response.txt
2025-01-21 18:12:32,994 - root - INFO - Response saved successfully.
2025-01-21 18:15:23,928 - root - INFO - Loading configuration from: D:\Alawi\VS Code\pro\config\config.yaml
2025-01-21 18:15:23,932 - root - INFO - Configuration loaded successfully.
2025-01-21 18:15:23,932 - root - INFO - Loading configuration from: D:\Alawi\VS Code\pro\config\config.yaml
2025-01-21 18:15:23,934 - root - INFO - Configuration loaded successfully.
2025-01-21 18:15:33,589 - sentence_transformers.cross_encoder.CrossEncoder - INFO - Use pytorch device: cpu
2025-01-21 18:16:18,745 - root - INFO - Loading configuration from: D:\Alawi\VS Code\pro\config\config.yaml
2025-01-21 18:16:18,745 - root - INFO - Configuration loaded successfully.
2025-01-21 18:16:18,751 - root - INFO - Loading configuration from: D:\Alawi\VS Code\pro\config\config.yaml
2025-01-21 18:16:18,751 - root - INFO - Configuration loaded successfully.
2025-01-21 18:16:31,926 - sentence_transformers.cross_encoder.CrossEncoder - INFO - Use pytorch device: cpu
2025-01-21 18:16:52,289 - root - INFO - Loading configuration from: D:\Alawi\VS Code\pro\config\config.yaml
2025-01-21 18:16:52,289 - root - INFO - Configuration loaded successfully.
2025-01-21 18:16:52,289 - root - INFO - Loading configuration from: D:\Alawi\VS Code\pro\config\config.yaml
2025-01-21 18:16:52,289 - root - INFO - Configuration loaded successfully.
2025-01-21 18:17:02,143 - sentence_transformers.cross_encoder.CrossEncoder - INFO - Use pytorch device: cpu
2025-01-21 18:17:47,061 - root - INFO - Retrieving augmented results...
2025-01-21 18:17:50,826 - augmented - INFO - Query perspectives generated successfully.
2025-01-21 18:17:53,153 - augmented - INFO - Documents retrieved successfully.
2025-01-21 18:17:53,153 - root - INFO - Generating response...
2025-01-21 18:18:00,452 - root - INFO - Response generated successfully.
2025-01-21 18:18:00,452 - root - INFO - Saving response...
2025-01-21 18:18:00,452 - generation - INFO - Response saved to response.txt
2025-01-21 18:18:00,452 - root - INFO - Response saved successfully.
2025-01-21 18:30:10,796 - root - INFO - Retrieving augmented results...
2025-01-21 18:30:16,486 - augmented - INFO - Query perspectives generated successfully.
2025-01-21 18:30:18,219 - augmented - INFO - Documents retrieved successfully.
2025-01-21 18:30:18,219 - root - INFO - Generating response...
2025-01-21 18:30:22,482 - root - INFO - Response generated successfully.
2025-01-21 18:30:22,482 - root - INFO - Saving response...
2025-01-21 18:30:22,482 - generation - INFO - Response saved to response.txt
2025-01-21 18:30:22,482 - root - INFO - Response saved successfully.
2025-01-21 18:30:58,861 - root - INFO - Retrieving augmented results...
2025-01-21 18:31:03,502 - augmented - INFO - Query perspectives generated successfully.
2025-01-21 18:31:04,348 - augmented - INFO - Documents retrieved successfully.
2025-01-21 18:31:04,348 - root - INFO - Generating response...
2025-01-21 18:31:09,178 - root - INFO - Response generated successfully.
2025-01-21 18:31:09,178 - root - INFO - Saving response...
2025-01-21 18:31:09,178 - generation - INFO - Response saved to response.txt
2025-01-21 18:31:09,178 - root - INFO - Response saved successfully.
2025-01-21 18:33:15,354 - root - INFO - Retrieving augmented results...
2025-01-21 18:33:20,312 - augmented - INFO - Query perspectives generated successfully.
2025-01-21 18:33:21,209 - augmented - INFO - Documents retrieved successfully.
2025-01-21 18:33:21,210 - root - INFO - Generating response...
2025-01-21 18:33:27,179 - root - INFO - Response generated successfully.
2025-01-21 18:33:27,179 - root - INFO - Saving response...
2025-01-21 18:33:27,179 - generation - INFO - Response saved to response.txt
2025-01-21 18:33:27,179 - root - INFO - Response saved successfully.
2025-01-21 18:34:10,079 - root - INFO - Retrieving augmented results...
2025-01-21 18:34:13,668 - augmented - INFO - Query perspectives generated successfully.
2025-01-21 18:34:14,253 - augmented - INFO - Documents retrieved successfully.
2025-01-21 18:34:14,253 - root - INFO - Generating response...
2025-01-21 18:34:20,631 - root - INFO - Response generated successfully.
2025-01-21 18:34:20,631 - root - INFO - Saving response...
2025-01-21 18:34:20,631 - generation - INFO - Response saved to response.txt
2025-01-21 18:34:20,631 - root - INFO - Response saved successfully.
2025-01-21 18:35:22,006 - root - INFO - Loading configuration from: D:\Alawi\VS Code\pro\config\config.yaml
2025-01-21 18:35:22,032 - root - INFO - Configuration loaded successfully.
2025-01-21 18:35:22,032 - root - INFO - Loading configuration from: D:\Alawi\VS Code\pro\config\config.yaml
2025-01-21 18:35:22,032 - root - INFO - Configuration loaded successfully.
2025-01-21 18:35:35,702 - sentence_transformers.cross_encoder.CrossEncoder - INFO - Use pytorch device: cpu
2025-01-21 18:35:35,750 - root - INFO - Retrieving augmented results...
2025-01-21 18:35:41,126 - augmented - INFO - Query perspectives generated successfully.
2025-01-21 18:35:42,492 - augmented - INFO - Documents retrieved successfully.
2025-01-21 18:35:42,492 - root - INFO - Generating response...
2025-01-21 18:35:55,551 - root - INFO - Response generated successfully.
2025-01-21 18:35:55,561 - root - INFO - Saving response...
2025-01-21 18:35:55,561 - generation - INFO - Response saved to response.txt
2025-01-21 18:35:55,561 - root - INFO - Response saved successfully.
2025-01-21 18:40:37,758 - root - INFO - Loading configuration from: D:\Alawi\VS Code\pro\config\config.yaml
2025-01-21 18:40:37,758 - root - INFO - Configuration loaded successfully.
2025-01-21 18:40:37,758 - root - INFO - Loading configuration from: D:\Alawi\VS Code\pro\config\config.yaml
2025-01-21 18:40:37,758 - root - INFO - Configuration loaded successfully.
2025-01-21 18:40:49,218 - sentence_transformers.cross_encoder.CrossEncoder - INFO - Use pytorch device: cpu
2025-01-21 18:41:27,306 - root - INFO - Retrieving augmented results...
2025-01-21 18:41:32,344 - augmented - INFO - Query perspectives generated successfully.
2025-01-21 18:41:34,026 - augmented - INFO - Documents retrieved successfully.
2025-01-21 18:41:34,026 - root - INFO - Generating response...
2025-01-21 18:41:41,459 - root - INFO - Response generated successfully.
2025-01-21 18:41:41,459 - root - INFO - Saving response...
2025-01-21 18:41:41,459 - generation - INFO - Response saved to response.txt
2025-01-21 18:41:41,459 - root - INFO - Response saved successfully.
2025-01-21 18:43:21,806 - root - INFO - Retrieving augmented results...
2025-01-21 18:43:26,010 - augmented - INFO - Query perspectives generated successfully.
2025-01-21 18:43:26,901 - augmented - INFO - Documents retrieved successfully.
2025-01-21 18:43:26,901 - root - INFO - Generating response...
2025-01-21 18:43:36,259 - root - INFO - Response generated successfully.
2025-01-21 18:43:36,259 - root - INFO - Saving response...
2025-01-21 18:43:36,259 - generation - INFO - Response saved to response.txt
2025-01-21 18:43:36,259 - root - INFO - Response saved successfully.
2025-01-21 18:44:26,965 - root - INFO - Retrieving augmented results...
2025-01-21 18:44:32,066 - augmented - INFO - Query perspectives generated successfully.
2025-01-21 18:44:32,578 - augmented - INFO - Documents retrieved successfully.
2025-01-21 18:44:32,578 - root - INFO - Generating response...
2025-01-21 18:44:41,584 - root - INFO - Response generated successfully.
2025-01-21 18:44:41,584 - root - INFO - Saving response...
2025-01-21 18:44:41,584 - generation - INFO - Response saved to response.txt
2025-01-21 18:44:41,584 - root - INFO - Response saved successfully.
2025-01-21 19:20:10,325 - root - INFO - Loading configuration from: D:\Alawi\VS Code\pro\config\config.yaml
2025-01-21 19:20:10,325 - root - INFO - Configuration loaded successfully.
2025-01-21 19:20:10,325 - root - INFO - Loading configuration from: D:\Alawi\VS Code\pro\config\config.yaml
2025-01-21 19:20:10,325 - root - INFO - Configuration loaded successfully.
2025-01-21 19:20:19,641 - sentence_transformers.cross_encoder.CrossEncoder - INFO - Use pytorch device: cpu
2025-01-21 19:27:30,078 - root - INFO - Retrieving augmented results...
2025-01-21 19:27:35,017 - augmented - INFO - Query perspectives generated successfully.
2025-01-21 19:27:36,750 - augmented - INFO - Documents retrieved successfully.
2025-01-21 19:27:36,750 - root - INFO - Generating response...
2025-01-21 19:27:50,678 - root - INFO - Response generated successfully.
2025-01-21 19:27:50,678 - root - INFO - Saving response...
2025-01-21 19:27:50,678 - generation - INFO - Response saved to response.txt
2025-01-21 19:27:50,678 - root - INFO - Response saved successfully.
2025-01-21 19:30:17,089 - root - INFO - Retrieving augmented results...
2025-01-21 19:30:21,922 - augmented - INFO - Query perspectives generated successfully.
2025-01-21 19:30:22,885 - augmented - INFO - Documents retrieved successfully.
2025-01-21 19:30:22,885 - root - INFO - Generating response...
2025-01-21 19:30:32,880 - root - INFO - Response generated successfully.
2025-01-21 19:30:32,880 - root - INFO - Saving response...
2025-01-21 19:30:32,880 - generation - INFO - Response saved to response.txt
2025-01-21 19:30:32,880 - root - INFO - Response saved successfully.
2025-01-21 19:31:29,795 - root - INFO - Retrieving augmented results...
2025-01-21 19:31:34,630 - augmented - INFO - Query perspectives generated successfully.
2025-01-21 19:31:35,165 - augmented - INFO - Documents retrieved successfully.
2025-01-21 19:31:35,165 - root - INFO - Generating response...
2025-01-21 19:31:44,459 - root - INFO - Response generated successfully.
2025-01-21 19:31:44,459 - root - INFO - Saving response...
2025-01-21 19:31:44,463 - generation - INFO - Response saved to response.txt
2025-01-21 19:31:44,463 - root - INFO - Response saved successfully.
2025-01-21 19:31:59,770 - root - INFO - Retrieving augmented results...
2025-01-21 19:32:04,838 - augmented - INFO - Query perspectives generated successfully.
2025-01-21 19:32:05,362 - augmented - INFO - Documents retrieved successfully.
2025-01-21 19:32:05,362 - root - INFO - Generating response...
2025-01-21 19:32:16,115 - root - INFO - Response generated successfully.
2025-01-21 19:32:16,115 - root - INFO - Saving response...
2025-01-21 19:32:16,115 - generation - INFO - Response saved to response.txt
2025-01-21 19:32:16,115 - root - INFO - Response saved successfully.
2025-01-21 19:33:55,774 - root - INFO - Retrieving augmented results...
2025-01-21 19:34:00,193 - augmented - INFO - Query perspectives generated successfully.
2025-01-21 19:34:01,087 - augmented - INFO - Documents retrieved successfully.
2025-01-21 19:34:01,087 - root - INFO - Generating response...
2025-01-21 19:34:11,814 - root - INFO - Response generated successfully.
2025-01-21 19:34:11,822 - root - INFO - Saving response...
2025-01-21 19:34:11,822 - generation - INFO - Response saved to response.txt
2025-01-21 19:34:11,823 - root - INFO - Response saved successfully.
2025-01-21 19:36:41,181 - root - INFO - Retrieving augmented results...
2025-01-21 19:36:45,926 - augmented - INFO - Query perspectives generated successfully.
2025-01-21 19:36:46,371 - augmented - INFO - Documents retrieved successfully.
2025-01-21 19:36:46,371 - root - INFO - Generating response...
2025-01-21 19:36:56,642 - root - INFO - Response generated successfully.
2025-01-21 19:36:56,642 - root - INFO - Saving response...
2025-01-21 19:36:56,642 - generation - INFO - Response saved to response.txt
2025-01-21 19:36:56,642 - root - INFO - Response saved successfully.
2025-01-21 19:39:09,041 - root - INFO - Retrieving augmented results...
2025-01-21 19:39:14,402 - augmented - INFO - Query perspectives generated successfully.
2025-01-21 19:39:14,866 - augmented - INFO - Documents retrieved successfully.
2025-01-21 19:39:14,866 - root - INFO - Generating response...
2025-01-21 19:39:22,081 - root - INFO - Response generated successfully.
2025-01-21 19:39:22,089 - root - INFO - Saving response...
2025-01-21 19:39:22,089 - generation - INFO - Response saved to response.txt
2025-01-21 19:39:22,089 - root - INFO - Response saved successfully.
2025-01-21 21:22:25,518 - root - INFO - Loading configuration from: D:\Alawi\VS Code\pro\config\config.yaml
2025-01-21 21:22:25,519 - root - INFO - Configuration loaded successfully.
2025-01-21 21:22:25,519 - root - INFO - Loading configuration from: D:\Alawi\VS Code\pro\config\config.yaml
2025-01-21 21:22:25,519 - root - INFO - Configuration loaded successfully.
2025-01-21 21:22:33,171 - sentence_transformers.cross_encoder.CrossEncoder - INFO - Use pytorch device: cpu
2025-01-21 21:22:51,153 - root - INFO - Retrieving augmented results...
2025-01-21 21:22:55,987 - augmented - INFO - Query perspectives generated successfully.
2025-01-21 21:22:57,257 - augmented - INFO - Documents retrieved successfully.
2025-01-21 21:22:57,257 - root - INFO - Generating response...
2025-01-21 21:23:05,144 - root - INFO - Response generated successfully.
2025-01-21 21:23:05,145 - root - INFO - Saving response...
2025-01-21 21:23:05,146 - generation - INFO - Response saved to response.txt
2025-01-21 21:23:05,146 - root - INFO - Response saved successfully.
2025-01-21 21:27:39,511 - root - INFO - Retrieving augmented results...
2025-01-21 21:27:43,617 - augmented - INFO - Query perspectives generated successfully.
2025-01-21 21:27:44,875 - augmented - INFO - Documents retrieved successfully.
2025-01-21 21:27:44,876 - root - INFO - Generating response...
2025-01-21 21:27:52,310 - root - INFO - Response generated successfully.
2025-01-21 21:27:52,310 - root - INFO - Saving response...
2025-01-21 21:27:52,311 - generation - INFO - Response saved to response.txt
2025-01-21 21:27:52,312 - root - INFO - Response saved successfully.
2025-01-21 21:28:21,319 - root - INFO - Retrieving augmented results...
2025-01-21 21:28:25,452 - augmented - INFO - Query perspectives generated successfully.
2025-01-21 21:28:26,001 - augmented - INFO - Documents retrieved successfully.
2025-01-21 21:28:26,001 - root - INFO - Generating response...
2025-01-21 21:28:31,141 - root - INFO - Response generated successfully.
2025-01-21 21:28:31,141 - root - INFO - Saving response...
2025-01-21 21:28:31,151 - generation - INFO - Response saved to response.txt
2025-01-21 21:28:31,151 - root - INFO - Response saved successfully.
2025-01-21 21:30:03,748 - root - INFO - Retrieving augmented results...
2025-01-21 21:30:07,846 - augmented - INFO - Query perspectives generated successfully.
2025-01-21 21:30:08,295 - augmented - INFO - Documents retrieved successfully.
2025-01-21 21:30:08,295 - root - INFO - Generating response...
2025-01-21 21:30:13,691 - root - INFO - Response generated successfully.
2025-01-21 21:30:13,691 - root - INFO - Saving response...
2025-01-21 21:30:13,692 - generation - INFO - Response saved to response.txt
2025-01-21 21:30:13,692 - root - INFO - Response saved successfully.
2025-01-21 21:31:55,763 - root - INFO - Retrieving augmented results...
2025-01-21 21:31:59,766 - augmented - INFO - Query perspectives generated successfully.
2025-01-21 21:32:00,231 - augmented - INFO - Documents retrieved successfully.
2025-01-21 21:32:00,231 - root - INFO - Generating response...
2025-01-21 21:32:11,688 - root - INFO - Response generated successfully.
2025-01-21 21:32:11,689 - root - INFO - Saving response...
2025-01-21 21:32:11,690 - generation - INFO - Response saved to response.txt
2025-01-21 21:32:11,690 - root - INFO - Response saved successfully.
2025-01-21 21:33:27,964 - root - INFO - Retrieving augmented results...
2025-01-21 21:33:33,058 - augmented - INFO - Query perspectives generated successfully.
2025-01-21 21:33:33,516 - augmented - INFO - Documents retrieved successfully.
2025-01-21 21:33:33,517 - root - INFO - Generating response...
2025-01-21 21:33:43,250 - root - INFO - Response generated successfully.
2025-01-21 21:33:43,251 - root - INFO - Saving response...
2025-01-21 21:33:43,252 - generation - INFO - Response saved to response.txt
2025-01-21 21:33:43,253 - root - INFO - Response saved successfully.
2025-01-21 21:33:56,700 - root - INFO - Retrieving augmented results...
2025-01-21 21:34:00,538 - augmented - INFO - Query perspectives generated successfully.
2025-01-21 21:34:00,997 - augmented - INFO - Documents retrieved successfully.
2025-01-21 21:34:00,998 - root - INFO - Generating response...
2025-01-21 21:34:06,386 - root - INFO - Response generated successfully.
2025-01-21 21:34:06,387 - root - INFO - Saving response...
2025-01-21 21:34:06,388 - generation - INFO - Response saved to response.txt
2025-01-21 21:34:06,389 - root - INFO - Response saved successfully.
2025-01-21 21:35:52,679 - root - INFO - Retrieving augmented results...
2025-01-21 21:35:56,970 - augmented - INFO - Query perspectives generated successfully.
2025-01-21 21:35:57,435 - augmented - INFO - Documents retrieved successfully.
2025-01-21 21:35:57,435 - root - INFO - Generating response...
2025-01-21 21:36:08,028 - root - INFO - Response generated successfully.
2025-01-21 21:36:08,029 - root - INFO - Saving response...
2025-01-21 21:36:08,030 - generation - INFO - Response saved to response.txt
2025-01-21 21:36:08,031 - root - INFO - Response saved successfully.
2025-01-21 21:36:11,197 - root - INFO - Retrieving augmented results...
2025-01-21 21:36:15,454 - augmented - INFO - Query perspectives generated successfully.
2025-01-21 21:36:15,938 - augmented - INFO - Documents retrieved successfully.
2025-01-21 21:36:15,939 - root - INFO - Generating response...
2025-01-21 21:36:22,608 - root - INFO - Response generated successfully.
2025-01-21 21:36:22,608 - root - INFO - Saving response...
2025-01-21 21:36:22,608 - generation - INFO - Response saved to response.txt
2025-01-21 21:36:22,608 - root - INFO - Response saved successfully.
2025-01-21 21:36:59,493 - root - INFO - Retrieving augmented results...
2025-01-21 21:37:03,497 - augmented - INFO - Query perspectives generated successfully.
2025-01-21 21:37:03,952 - augmented - INFO - Documents retrieved successfully.
2025-01-21 21:37:03,952 - root - INFO - Generating response...
2025-01-21 21:37:08,371 - root - INFO - Response generated successfully.
2025-01-21 21:37:08,372 - root - INFO - Saving response...
2025-01-21 21:37:08,373 - generation - INFO - Response saved to response.txt
2025-01-21 21:37:08,373 - root - INFO - Response saved successfully.
2025-01-21 21:37:11,720 - root - INFO - Retrieving augmented results...
2025-01-21 21:37:16,243 - augmented - INFO - Query perspectives generated successfully.
2025-01-21 21:37:16,721 - augmented - INFO - Documents retrieved successfully.
2025-01-21 21:37:16,722 - root - INFO - Generating response...
2025-01-21 21:37:21,110 - root - INFO - Response generated successfully.
2025-01-21 21:37:21,110 - root - INFO - Saving response...
2025-01-21 21:37:21,110 - generation - INFO - Response saved to response.txt
2025-01-21 21:37:21,110 - root - INFO - Response saved successfully.
2025-01-21 21:37:46,115 - root - INFO - Retrieving augmented results...
2025-01-21 21:37:50,629 - augmented - INFO - Query perspectives generated successfully.
2025-01-21 21:37:51,070 - augmented - INFO - Documents retrieved successfully.
2025-01-21 21:37:51,071 - root - INFO - Generating response...
2025-01-21 21:37:55,731 - root - INFO - Response generated successfully.
2025-01-21 21:37:55,732 - root - INFO - Saving response...
2025-01-21 21:37:55,733 - generation - INFO - Response saved to response.txt
2025-01-21 21:37:55,733 - root - INFO - Response saved successfully.
2025-01-21 21:38:15,135 - root - INFO - Retrieving augmented results...
2025-01-21 21:38:19,286 - augmented - INFO - Query perspectives generated successfully.
2025-01-21 21:38:19,725 - augmented - INFO - Documents retrieved successfully.
2025-01-21 21:38:19,726 - root - INFO - Generating response...
2025-01-21 21:38:24,430 - root - INFO - Response generated successfully.
2025-01-21 21:38:24,430 - root - INFO - Saving response...
2025-01-21 21:38:24,431 - generation - INFO - Response saved to response.txt
2025-01-21 21:38:24,431 - root - INFO - Response saved successfully.
2025-01-21 21:40:39,504 - root - INFO - Retrieving augmented results...
2025-01-21 21:40:43,430 - augmented - INFO - Query perspectives generated successfully.
2025-01-21 21:40:43,876 - augmented - INFO - Documents retrieved successfully.
2025-01-21 21:40:43,877 - root - INFO - Generating response...
2025-01-21 21:40:53,136 - root - INFO - Response generated successfully.
2025-01-21 21:40:53,137 - root - INFO - Saving response...
2025-01-21 21:40:53,138 - generation - INFO - Response saved to response.txt
2025-01-21 21:40:53,139 - root - INFO - Response saved successfully.
2025-01-21 21:41:04,334 - root - INFO - Retrieving augmented results...
2025-01-21 21:41:08,532 - augmented - INFO - Query perspectives generated successfully.
2025-01-21 21:41:08,986 - augmented - INFO - Documents retrieved successfully.
2025-01-21 21:41:08,987 - root - INFO - Generating response...
2025-01-21 21:41:17,423 - root - INFO - Response generated successfully.
2025-01-21 21:41:17,424 - root - INFO - Saving response...
2025-01-21 21:41:17,425 - generation - INFO - Response saved to response.txt
2025-01-21 21:41:17,425 - root - INFO - Response saved successfully.
2025-01-21 21:41:56,386 - root - INFO - Retrieving augmented results...
2025-01-21 21:42:01,132 - augmented - INFO - Query perspectives generated successfully.
2025-01-21 21:42:01,578 - augmented - INFO - Documents retrieved successfully.
2025-01-21 21:42:01,578 - root - INFO - Generating response...
2025-01-21 21:42:06,686 - root - INFO - Response generated successfully.
2025-01-21 21:42:06,686 - root - INFO - Saving response...
2025-01-21 21:42:06,687 - generation - INFO - Response saved to response.txt
2025-01-21 21:42:06,687 - root - INFO - Response saved successfully.
2025-01-21 21:42:10,298 - root - INFO - Retrieving augmented results...
2025-01-21 21:42:15,071 - augmented - INFO - Query perspectives generated successfully.
2025-01-21 21:42:15,641 - augmented - INFO - Documents retrieved successfully.
2025-01-21 21:42:15,641 - root - INFO - Generating response...
2025-01-21 21:42:20,618 - root - INFO - Response generated successfully.
2025-01-21 21:42:20,618 - root - INFO - Saving response...
2025-01-21 21:42:20,619 - generation - INFO - Response saved to response.txt
2025-01-21 21:42:20,620 - root - INFO - Response saved successfully.
2025-01-21 21:43:27,449 - root - INFO - Retrieving augmented results...
2025-01-21 21:43:31,921 - augmented - INFO - Query perspectives generated successfully.
2025-01-21 21:43:32,359 - augmented - INFO - Documents retrieved successfully.
2025-01-21 21:43:32,360 - root - INFO - Generating response...
2025-01-21 21:43:37,270 - root - INFO - Response generated successfully.
2025-01-21 21:43:37,271 - root - INFO - Saving response...
2025-01-21 21:43:37,272 - generation - INFO - Response saved to response.txt
2025-01-21 21:43:37,274 - root - INFO - Response saved successfully.
2025-01-21 21:43:40,826 - root - INFO - Retrieving augmented results...
2025-01-21 21:43:45,198 - augmented - INFO - Query perspectives generated successfully.
2025-01-21 21:43:45,663 - augmented - INFO - Documents retrieved successfully.
2025-01-21 21:43:45,663 - root - INFO - Generating response...
2025-01-21 21:43:55,777 - root - INFO - Response generated successfully.
2025-01-21 21:43:55,778 - root - INFO - Saving response...
2025-01-21 21:43:55,780 - generation - INFO - Response saved to response.txt
2025-01-21 21:43:55,780 - root - INFO - Response saved successfully.
2025-01-21 21:43:58,322 - root - INFO - Retrieving augmented results...
2025-01-21 21:44:02,587 - augmented - INFO - Query perspectives generated successfully.
2025-01-21 21:44:03,042 - augmented - INFO - Documents retrieved successfully.
2025-01-21 21:44:03,042 - root - INFO - Generating response...
2025-01-21 21:44:14,066 - root - INFO - Response generated successfully.
2025-01-21 21:44:14,066 - root - INFO - Saving response...
2025-01-21 21:44:14,068 - generation - INFO - Response saved to response.txt
2025-01-21 21:44:14,068 - root - INFO - Response saved successfully.
2025-01-21 21:44:50,507 - root - INFO - Retrieving augmented results...
2025-01-21 21:44:53,943 - augmented - INFO - Query perspectives generated successfully.
2025-01-21 21:44:54,403 - augmented - INFO - Documents retrieved successfully.
2025-01-21 21:44:54,404 - root - INFO - Generating response...
2025-01-21 21:45:04,650 - root - INFO - Response generated successfully.
2025-01-21 21:45:04,651 - root - INFO - Saving response...
2025-01-21 21:45:04,652 - generation - INFO - Response saved to response.txt
2025-01-21 21:45:04,653 - root - INFO - Response saved successfully.
2025-01-21 21:45:12,856 - root - INFO - Retrieving augmented results...
2025-01-21 21:45:15,689 - augmented - INFO - Query perspectives generated successfully.
2025-01-21 21:45:16,149 - augmented - INFO - Documents retrieved successfully.
2025-01-21 21:45:16,150 - root - INFO - Generating response...
2025-01-21 21:45:26,148 - root - INFO - Response generated successfully.
2025-01-21 21:45:26,148 - root - INFO - Saving response...
2025-01-21 21:45:26,149 - generation - INFO - Response saved to response.txt
2025-01-21 21:45:26,149 - root - INFO - Response saved successfully.
2025-01-21 21:45:43,632 - root - INFO - Loading configuration from: D:\Alawi\VS Code\pro\config\config.yaml
2025-01-21 21:45:43,643 - root - INFO - Configuration loaded successfully.
2025-01-21 21:45:43,643 - root - INFO - Loading configuration from: D:\Alawi\VS Code\pro\config\config.yaml
2025-01-21 21:45:43,644 - root - INFO - Configuration loaded successfully.
2025-01-21 21:45:52,461 - sentence_transformers.cross_encoder.CrossEncoder - INFO - Use pytorch device: cpu
2025-01-21 21:45:55,221 - root - INFO - Retrieving augmented results...
2025-01-21 21:45:58,669 - augmented - INFO - Query perspectives generated successfully.
2025-01-21 21:45:59,942 - augmented - INFO - Documents retrieved successfully.
2025-01-21 21:45:59,943 - root - INFO - Generating response...
2025-01-21 21:46:06,263 - root - INFO - Response generated successfully.
2025-01-21 21:46:06,263 - root - INFO - Saving response...
2025-01-21 21:46:06,264 - generation - INFO - Response saved to response.txt
2025-01-21 21:46:06,264 - root - INFO - Response saved successfully.
2025-01-21 21:48:15,323 - root - INFO - Retrieving augmented results...
2025-01-21 21:48:19,753 - augmented - INFO - Query perspectives generated successfully.
2025-01-21 21:48:20,301 - augmented - INFO - Documents retrieved successfully.
2025-01-21 21:48:20,302 - root - INFO - Generating response...
2025-01-21 21:48:25,391 - root - INFO - Response generated successfully.
2025-01-21 21:48:25,392 - root - INFO - Saving response...
2025-01-21 21:48:25,393 - generation - INFO - Response saved to response.txt
2025-01-21 21:48:25,393 - root - INFO - Response saved successfully.
2025-01-22 17:09:46,649 - root - INFO - Loading configuration from: D:\Alawi\VS Code\pro\config\config.yaml
2025-01-22 17:09:46,667 - root - INFO - Configuration loaded successfully.
2025-01-22 17:09:46,667 - root - INFO - Loading configuration from: D:\Alawi\VS Code\pro\config\config.yaml
2025-01-22 17:09:46,669 - root - INFO - Configuration loaded successfully.
2025-01-22 17:10:37,420 - sentence_transformers.cross_encoder.CrossEncoder - INFO - Use pytorch device: cpu
2025-01-22 17:12:45,860 - root - INFO - Retrieving augmented results...
2025-01-22 17:12:50,132 - augmented - INFO - Query perspectives generated successfully.
2025-01-22 17:12:51,642 - augmented - INFO - Documents retrieved successfully.
2025-01-22 17:12:51,642 - root - INFO - Generating response...
2025-01-22 17:13:08,470 - root - INFO - Response generated successfully.
2025-01-22 17:13:08,470 - root - INFO - Saving response...
2025-01-22 17:13:08,470 - generation - INFO - Response saved to response.txt
2025-01-22 17:13:08,470 - root - INFO - Response saved successfully.
2025-01-22 20:14:28,739 - root - INFO - Loading configuration from: D:\Alawi\VS Code\pro\config\config.yaml
2025-01-22 20:14:28,743 - root - INFO - Configuration loaded successfully.
2025-01-22 20:14:28,743 - root - INFO - Loading configuration from: D:\Alawi\VS Code\pro\config\config.yaml
2025-01-22 20:14:28,744 - root - INFO - Configuration loaded successfully.
2025-01-22 20:14:53,470 - sentence_transformers.cross_encoder.CrossEncoder - INFO - Use pytorch device: cpu
2025-01-22 20:41:42,700 - root - INFO - Loading configuration from: D:\Alawi\VS Code\pro\config\config.yaml
2025-01-22 20:41:42,700 - root - INFO - Configuration loaded successfully.
2025-01-22 20:41:42,700 - root - INFO - Loading configuration from: D:\Alawi\VS Code\pro\config\config.yaml
2025-01-22 20:41:42,700 - root - INFO - Configuration loaded successfully.
2025-01-22 20:42:08,425 - sentence_transformers.cross_encoder.CrossEncoder - INFO - Use pytorch device: cpu
2025-01-22 20:43:05,438 - root - INFO - Retrieving augmented results...
2025-01-22 20:43:10,408 - augmented - INFO - Query perspectives generated successfully.
2025-01-22 20:43:11,824 - augmented - INFO - Documents retrieved successfully.
2025-01-22 20:43:11,824 - root - INFO - Generating response...
2025-01-22 20:43:19,611 - root - INFO - Response generated successfully.
2025-01-22 20:43:19,611 - root - INFO - Saving response...
2025-01-22 20:43:19,611 - generation - INFO - Response saved to response.txt
2025-01-22 20:43:19,611 - root - INFO - Response saved successfully.
2025-01-22 20:51:40,728 - root - INFO - Loading configuration from: D:\Alawi\VS Code\pro\config\config.yaml
2025-01-22 20:51:40,728 - root - INFO - Configuration loaded successfully.
2025-01-22 20:51:40,728 - root - INFO - Loading configuration from: D:\Alawi\VS Code\pro\config\config.yaml
2025-01-22 20:51:40,728 - root - INFO - Configuration loaded successfully.
2025-01-22 20:51:50,414 - sentence_transformers.cross_encoder.CrossEncoder - INFO - Use pytorch device: cpu
2025-01-22 20:52:25,405 - root - INFO - Loading configuration from: D:\Alawi\VS Code\pro\config\config.yaml
2025-01-22 20:52:25,405 - root - INFO - Configuration loaded successfully.
2025-01-22 20:52:25,405 - root - INFO - Loading configuration from: D:\Alawi\VS Code\pro\config\config.yaml
2025-01-22 20:52:25,405 - root - INFO - Configuration loaded successfully.
2025-01-22 20:52:33,850 - sentence_transformers.cross_encoder.CrossEncoder - INFO - Use pytorch device: cpu
2025-01-22 20:53:35,094 - root - INFO - Loading configuration from: D:\Alawi\VS Code\pro\config\config.yaml
2025-01-22 20:53:35,097 - root - INFO - Configuration loaded successfully.
2025-01-22 20:53:35,097 - root - INFO - Loading configuration from: D:\Alawi\VS Code\pro\config\config.yaml
2025-01-22 20:53:35,097 - root - INFO - Configuration loaded successfully.
2025-01-22 20:53:44,470 - sentence_transformers.cross_encoder.CrossEncoder - INFO - Use pytorch device: cpu
2025-01-22 23:49:31,207 - root - INFO - Loading configuration from: D:\Alawi\VS Code\pro\config\config.yaml
2025-01-22 23:49:31,258 - root - INFO - Configuration loaded successfully.
2025-01-22 23:49:31,260 - root - INFO - Loading configuration from: D:\Alawi\VS Code\pro\config\config.yaml
2025-01-22 23:49:31,265 - root - INFO - Configuration loaded successfully.
2025-01-22 23:49:51,876 - root - INFO - Loading configuration from: D:\Alawi\VS Code\pro\config\config.yaml
2025-01-22 23:49:51,876 - root - INFO - Configuration loaded successfully.
2025-01-22 23:49:51,876 - root - INFO - Loading configuration from: D:\Alawi\VS Code\pro\config\config.yaml
2025-01-22 23:49:51,876 - root - INFO - Configuration loaded successfully.
2025-01-22 23:50:49,165 - root - INFO - Loading configuration from: D:\Alawi\VS Code\pro\config\config.yaml
2025-01-22 23:50:49,168 - root - INFO - Configuration loaded successfully.
2025-01-22 23:50:49,168 - root - INFO - Loading configuration from: D:\Alawi\VS Code\pro\config\config.yaml
2025-01-22 23:50:49,168 - root - INFO - Configuration loaded successfully.
2025-01-22 23:51:35,898 - sentence_transformers.cross_encoder.CrossEncoder - INFO - Use pytorch device: cpu
2025-01-22 23:52:24,797 - root - INFO - Retrieving augmented results...
2025-01-22 23:52:29,870 - augmented - INFO - Query perspectives generated successfully.
2025-01-22 23:52:31,321 - augmented - INFO - Documents retrieved successfully.
2025-01-22 23:52:31,321 - root - INFO - Generating response...
2025-01-22 23:52:39,695 - root - INFO - Response generated successfully.
2025-01-22 23:52:39,695 - root - INFO - Saving response...
2025-01-22 23:52:39,695 - generation - INFO - Response saved to response.txt
2025-01-22 23:52:39,695 - root - INFO - Response saved successfully.
2025-01-23 13:40:19,946 - root - INFO - Loading configuration from: D:\Alawi\VS Code\pro\config\config.yaml
2025-01-23 13:40:19,962 - root - INFO - Configuration loaded successfully.
2025-01-23 13:40:19,962 - root - INFO - Loading configuration from: D:\Alawi\VS Code\pro\config\config.yaml
2025-01-23 13:40:19,962 - root - INFO - Configuration loaded successfully.
2025-01-23 13:41:11,649 - sentence_transformers.cross_encoder.CrossEncoder - INFO - Use pytorch device: cpu
